Apr 21, 2016 5:22:00 PM sun.awt.X11.XToolkit setBackingStoreType
CONFIG: The system property sun.awt.backingStore is not set, by default backingStore=NotUseful
Apr 21, 2016 5:22:04 PM WindowFrame loginDialog
INFO: currentUser was changed.
Apr 21, 2016 5:22:04 PM WindowFrame addMenuBar
INFO: Admin-User was found.
Apr 21, 2016 5:22:04 PM Main main
INFO: Window WindowFrame[frame0,0,24,0x0,invalid,hidden,layout=java.awt.BorderLayout,title=,resizable,normal,defaultCloseOperation=HIDE_ON_CLOSE,rootPane=javax.swing.JRootPane[,0,0,0x0,invalid,layout=javax.swing.JRootPane$RootLayout,alignmentX=0.0,alignmentY=0.0,border=,flags=16777673,maximumSize=,minimumSize=,preferredSize=],rootPaneCheckingEnabled=true] is running.
Apr 21, 2016 5:22:21 PM WindowFrame$3 valueChanged
SEVERE: Value in eventSelectionPanel was changed but no changes has been done.
Apr 21, 2016 5:22:21 PM WindowFrame$3 valueChanged
INFO: A event in the eventlist was clicked.
Apr 21, 2016 5:22:21 PM WindowFrame addMenuBar
INFO: Admin-User was found.
Apr 21, 2016 5:22:21 PM WindowFrame updateContentPane
INFO: Contentpane updated.
Apr 21, 2016 5:22:21 PM WindowFrame$3 valueChanged
INFO: currentEvent has been changed.
Apr 21, 2016 5:22:21 PM WindowFrame$3 valueChanged
SEVERE: Value in eventSelectionPanel was changed but no changes has been done.
Apr 21, 2016 5:22:22 PM WindowFrame$3 valueChanged
SEVERE: Value in eventSelectionPanel was changed but no changes has been done.
Apr 21, 2016 5:22:22 PM WindowFrame$3 valueChanged
INFO: A event in the eventlist was clicked.
Apr 21, 2016 5:22:22 PM WindowFrame addMenuBar
INFO: Admin-User was found.
Apr 21, 2016 5:22:22 PM WindowFrame updateContentPane
INFO: Contentpane updated.
Apr 21, 2016 5:22:22 PM WindowFrame$3 valueChanged
INFO: currentEvent has been changed.
Apr 21, 2016 5:22:22 PM WindowFrame$3 valueChanged
SEVERE: Value in eventSelectionPanel was changed but no changes has been done.
Apr 21, 2016 5:22:22 PM WindowFrame$3 valueChanged
SEVERE: Value in eventSelectionPanel was changed but no changes has been done.
Apr 21, 2016 5:22:22 PM WindowFrame$3 valueChanged
INFO: A event in the eventlist was clicked.
Apr 21, 2016 5:22:22 PM WindowFrame addMenuBar
INFO: Admin-User was found.
Apr 21, 2016 5:22:22 PM WindowFrame updateContentPane
INFO: Contentpane updated.
Apr 21, 2016 5:22:22 PM WindowFrame$3 valueChanged
INFO: currentEvent has been changed.
Apr 21, 2016 5:22:22 PM WindowFrame$3 valueChanged
SEVERE: Value in eventSelectionPanel was changed but no changes has been done.
Apr 21, 2016 5:22:23 PM WindowFrame$3 valueChanged
SEVERE: Value in eventSelectionPanel was changed but no changes has been done.
Apr 21, 2016 5:22:23 PM WindowFrame$3 valueChanged
INFO: A event in the eventlist was clicked.
Apr 21, 2016 5:22:23 PM WindowFrame addMenuBar
INFO: Admin-User was found.
Apr 21, 2016 5:22:23 PM WindowFrame updateContentPane
INFO: Contentpane updated.
Apr 21, 2016 5:22:23 PM WindowFrame$3 valueChanged
INFO: currentEvent has been changed.
Apr 21, 2016 5:22:23 PM WindowFrame$3 valueChanged
SEVERE: Value in eventSelectionPanel was changed but no changes has been done.
Apr 21, 2016 5:22:23 PM WindowFrame$3 valueChanged
SEVERE: Value in eventSelectionPanel was changed but no changes has been done.
Apr 21, 2016 5:22:23 PM WindowFrame$3 valueChanged
INFO: A event in the eventlist was clicked.
Apr 21, 2016 5:22:23 PM WindowFrame addMenuBar
INFO: Admin-User was found.
Apr 21, 2016 5:22:23 PM WindowFrame updateContentPane
INFO: Contentpane updated.
Apr 21, 2016 5:22:23 PM WindowFrame$3 valueChanged
INFO: currentEvent has been changed.
Apr 21, 2016 5:22:23 PM WindowFrame$3 valueChanged
SEVERE: Value in eventSelectionPanel was changed but no changes has been done.
Apr 21, 2016 5:22:24 PM WindowFrame$3 valueChanged
SEVERE: Value in eventSelectionPanel was changed but no changes has been done.
Apr 21, 2016 5:22:24 PM WindowFrame$3 valueChanged
INFO: A event in the eventlist was clicked.
Apr 21, 2016 5:22:24 PM WindowFrame addMenuBar
INFO: Admin-User was found.
Apr 21, 2016 5:22:24 PM WindowFrame updateContentPane
INFO: Contentpane updated.
Apr 21, 2016 5:22:24 PM WindowFrame$3 valueChanged
INFO: currentEvent has been changed.
Apr 21, 2016 5:22:24 PM WindowFrame$3 valueChanged
SEVERE: Value in eventSelectionPanel was changed but no changes has been done.
Apr 21, 2016 5:22:24 PM WindowFrame$3 valueChanged
SEVERE: Value in eventSelectionPanel was changed but no changes has been done.
Apr 21, 2016 5:22:24 PM WindowFrame$3 valueChanged
INFO: A event in the eventlist was clicked.
Apr 21, 2016 5:22:24 PM WindowFrame addMenuBar
INFO: Admin-User was found.
Apr 21, 2016 5:22:25 PM WindowFrame updateContentPane
INFO: Contentpane updated.
Apr 21, 2016 5:22:25 PM WindowFrame$3 valueChanged
INFO: currentEvent has been changed.
Apr 21, 2016 5:22:25 PM WindowFrame$3 valueChanged
SEVERE: Value in eventSelectionPanel was changed but no changes has been done.
Apr 21, 2016 5:22:25 PM WindowFrame$3 valueChanged
SEVERE: Value in eventSelectionPanel was changed but no changes has been done.
Apr 21, 2016 5:22:25 PM WindowFrame$3 valueChanged
INFO: A event in the eventlist was clicked.
Apr 21, 2016 5:22:25 PM WindowFrame addMenuBar
INFO: Admin-User was found.
Apr 21, 2016 5:22:25 PM WindowFrame updateContentPane
INFO: Contentpane updated.
Apr 21, 2016 5:22:25 PM WindowFrame$3 valueChanged
INFO: currentEvent has been changed.
Apr 21, 2016 5:22:25 PM WindowFrame$3 valueChanged
SEVERE: Value in eventSelectionPanel was changed but no changes has been done.
Apr 21, 2016 5:22:25 PM WindowFrame$3 valueChanged
SEVERE: Value in eventSelectionPanel was changed but no changes has been done.
Apr 21, 2016 5:22:25 PM WindowFrame$3 valueChanged
INFO: A event in the eventlist was clicked.
Apr 21, 2016 5:22:25 PM WindowFrame addMenuBar
INFO: Admin-User was found.
Apr 21, 2016 5:22:25 PM WindowFrame updateContentPane
INFO: Contentpane updated.
Apr 21, 2016 5:22:25 PM WindowFrame$3 valueChanged
INFO: currentEvent has been changed.
Apr 21, 2016 5:22:25 PM WindowFrame$3 valueChanged
SEVERE: Value in eventSelectionPanel was changed but no changes has been done.
Apr 21, 2016 5:22:26 PM WindowFrame$3 valueChanged
SEVERE: Value in eventSelectionPanel was changed but no changes has been done.
Apr 21, 2016 5:22:26 PM WindowFrame$3 valueChanged
INFO: A event in the eventlist was clicked.
Apr 21, 2016 5:22:26 PM WindowFrame addMenuBar
INFO: Admin-User was found.
Apr 21, 2016 5:22:26 PM WindowFrame updateContentPane
INFO: Contentpane updated.
Apr 21, 2016 5:22:26 PM WindowFrame$3 valueChanged
INFO: currentEvent has been changed.
Apr 21, 2016 5:22:26 PM WindowFrame$3 valueChanged
SEVERE: Value in eventSelectionPanel was changed but no changes has been done.
Apr 21, 2016 5:22:26 PM WindowFrame$3 valueChanged
SEVERE: Value in eventSelectionPanel was changed but no changes has been done.
Apr 21, 2016 5:22:26 PM WindowFrame$3 valueChanged
INFO: A event in the eventlist was clicked.
Apr 21, 2016 5:22:26 PM WindowFrame addMenuBar
INFO: Admin-User was found.
Apr 21, 2016 5:22:26 PM WindowFrame updateContentPane
INFO: Contentpane updated.
Apr 21, 2016 5:22:26 PM WindowFrame$3 valueChanged
INFO: currentEvent has been changed.
Apr 21, 2016 5:22:26 PM WindowFrame$3 valueChanged
SEVERE: Value in eventSelectionPanel was changed but no changes has been done.
Apr 21, 2016 5:22:27 PM WindowFrame$3 valueChanged
SEVERE: Value in eventSelectionPanel was changed but no changes has been done.
Apr 21, 2016 5:22:27 PM WindowFrame$3 valueChanged
INFO: A event in the eventlist was clicked.
Apr 21, 2016 5:22:27 PM WindowFrame addMenuBar
INFO: Admin-User was found.
Apr 21, 2016 5:22:27 PM WindowFrame updateContentPane
INFO: Contentpane updated.
Apr 21, 2016 5:22:27 PM WindowFrame$3 valueChanged
INFO: currentEvent has been changed.
Apr 21, 2016 5:22:27 PM WindowFrame$3 valueChanged
SEVERE: Value in eventSelectionPanel was changed but no changes has been done.
Apr 21, 2016 5:22:27 PM WindowFrame$3 valueChanged
SEVERE: Value in eventSelectionPanel was changed but no changes has been done.
Apr 21, 2016 5:22:27 PM WindowFrame$3 valueChanged
INFO: A event in the eventlist was clicked.
Apr 21, 2016 5:22:27 PM WindowFrame addMenuBar
INFO: Admin-User was found.
Apr 21, 2016 5:22:27 PM WindowFrame updateContentPane
INFO: Contentpane updated.
Apr 21, 2016 5:22:27 PM WindowFrame$3 valueChanged
INFO: currentEvent has been changed.
Apr 21, 2016 5:22:27 PM WindowFrame$3 valueChanged
SEVERE: Value in eventSelectionPanel was changed but no changes has been done.
Apr 21, 2016 5:22:32 PM WindowFrame quitSession
INFO: EventList was written to file.
Apr 21, 2016 5:22:32 PM WindowFrame quitSession
INFO: UserList was written to file.
Apr 21, 2016 5:22:32 PM WindowFrame quitSession
INFO: Session was closed.
